::1 - - [11/Jul/2019:20:17:03 +0000] "POST /api/users/register HTTP/1.1" 200 96
::1 - - [11/Jul/2019:20:18:09 +0000] "POST /api/users/register HTTP/1.1" 200 96
::1 - - [11/Jul/2019:20:46:54 +0000] "POST /api/users/register HTTP/1.1" 200 96
::1 - - [11/Jul/2019:20:47:33 +0000] "POST /api/users/register HTTP/1.1" 200 96
::1 - - [12/Jul/2019:02:06:45 +0000] "POST /api/users/register HTTP/1.1" - -
::1 - - [12/Jul/2019:02:09:58 +0000] "POST /api/users/register HTTP/1.1" 404 158
::1 - - [12/Jul/2019:02:10:12 +0000] "POST /route/users/register HTTP/1.1" 404 160
::1 - - [12/Jul/2019:02:10:25 +0000] "POST /routes/users/register HTTP/1.1" 200 0
::1 - - [12/Jul/2019:02:10:45 +0000] "POST /routes/users/register HTTP/1.1" 200 0
::1 - - [12/Jul/2019:02:11:36 +0000] "POST /routes/users/register HTTP/1.1" 200 0
::1 - - [12/Jul/2019:02:12:53 +0000] "POST /routes/users/register HTTP/1.1" 500 1909
::1 - - [12/Jul/2019:02:13:41 +0000] "POST /routes/users/login HTTP/1.1" 200 89
::1 - - [12/Jul/2019:02:14:20 +0000] "POST /routes/users/register HTTP/1.1" 500 1909
::1 - - [12/Jul/2019:02:14:59 +0000] "POST /routes/users/register HTTP/1.1" 200 96
::1 - - [12/Jul/2019:02:15:26 +0000] "POST /routes/users/register HTTP/1.1" 200 96
::1 - - [12/Jul/2019:02:16:48 +0000] "POST /routes/users/register HTTP/1.1" 200 96
::1 - - [12/Jul/2019:02:18:09 +0000] "POST /routes/users/register HTTP/1.1" 200 96
::1 - - [12/Jul/2019:02:20:03 +0000] "POST /routes/users/register HTTP/1.1" 200 96
::1 - - [12/Jul/2019:02:21:13 +0000] "POST /routes/users/register HTTP/1.1" 200 96
::1 - - [12/Jul/2019:02:21:35 +0000] "POST /routes/users/register HTTP/1.1" 200 96
::1 - - [12/Jul/2019:02:24:06 +0000] "POST /routes/users/register HTTP/1.1" - -
::1 - - [12/Jul/2019:02:24:54 +0000] "POST /routes/users/register HTTP/1.1" 200 96
::1 - - [12/Jul/2019:02:28:35 +0000] "POST /routes/users/register HTTP/1.1" 200 311
::1 - - [12/Jul/2019:02:29:27 +0000] "POST /routes/users/register HTTP/1.1" 200 311
::1 - - [12/Jul/2019:02:30:49 +0000] "POST /routes/users/register HTTP/1.1" 400 47
::1 - - [12/Jul/2019:02:42:10 +0000] "POST /routes/users/register HTTP/1.1" 200 137
::1 - - [12/Jul/2019:02:44:21 +0000] "POST /routes/users/register HTTP/1.1" 200 137
::1 - - [12/Jul/2019:02:45:07 +0000] "POST /routes/users/register HTTP/1.1" 200 124
::1 - - [12/Jul/2019:02:46:48 +0000] "POST /routes/users/register HTTP/1.1" 200 124
::1 - - [12/Jul/2019:02:49:49 +0000] "POST /routes/users/register HTTP/1.1" 200 124
::1 - - [12/Jul/2019:02:50:49 +0000] "POST /routes/users/register HTTP/1.1" 200 124
::1 - - [12/Jul/2019:03:09:53 +0000] "POST /routes/users/register HTTP/1.1" 200 124
::1 - - [12/Jul/2019:03:10:36 +0000] "POST /routes/users/register HTTP/1.1" 200 123
::1 - - [12/Jul/2019:03:11:02 +0000] "POST /routes/users/register HTTP/1.1" 200 124
::1 - - [12/Jul/2019:17:24:25 +0000] "GET /testmail HTTP/1.1" 200 11
::1 - - [12/Jul/2019:17:26:49 +0000] "GET /testmail HTTP/1.1" 304 -
::1 - - [12/Jul/2019:17:34:35 +0000] "POST /testmail HTTP/1.1" 500 1878
::1 - - [12/Jul/2019:17:35:29 +0000] "POST /testmail HTTP/1.1" 200 11
::1 - - [12/Jul/2019:17:39:29 +0000] "GET /testmail HTTP/1.1" 404 147
::1 - - [12/Jul/2019:17:39:37 +0000] "POST /testmail HTTP/1.1" 200 11
::1 - - [12/Jul/2019:17:40:15 +0000] "POST /testmail HTTP/1.1" 500 1858
::1 - - [12/Jul/2019:17:40:32 +0000] "POST /testmail HTTP/1.1" 500 1853
::1 - - [12/Jul/2019:17:40:57 +0000] "POST /testmail HTTP/1.1" 200 254
::1 - - [12/Jul/2019:17:50:11 +0000] "POST /testmail HTTP/1.1" 200 159
::1 - - [12/Jul/2019:17:51:05 +0000] "POST /testmail HTTP/1.1" 200 253
::1 - - [12/Jul/2019:17:51:36 +0000] "POST /testmail HTTP/1.1" 200 254
::1 - - [12/Jul/2019:18:02:43 +0000] "POST /testmail HTTP/1.1" 500 1854
::1 - - [12/Jul/2019:18:03:41 +0000] "POST /testmail HTTP/1.1" 500 1854
::1 - - [12/Jul/2019:18:04:34 +0000] "POST /testmail HTTP/1.1" 500 1854
::1 - - [12/Jul/2019:18:04:57 +0000] "POST /testmail HTTP/1.1" 500 1854
::1 - - [12/Jul/2019:18:05:49 +0000] "POST /testmail HTTP/1.1" 200 282
::1 - - [12/Jul/2019:18:06:16 +0000] "POST /testmail HTTP/1.1" 200 282
::1 - - [12/Jul/2019:18:07:36 +0000] "POST /testmail HTTP/1.1" 200 286
::1 - - [12/Jul/2019:18:08:57 +0000] "POST /testmail HTTP/1.1" 200 258
::1 - - [12/Jul/2019:18:10:21 +0000] "POST /testmail HTTP/1.1" 200 282
::1 - - [12/Jul/2019:18:14:31 +0000] "POST /testmail HTTP/1.1" 200 361
::1 - - [12/Jul/2019:18:16:13 +0000] "POST /testmail HTTP/1.1" 200 365
::1 - - [12/Jul/2019:18:16:40 +0000] "POST /testmail HTTP/1.1" 200 365
::1 - - [12/Jul/2019:18:17:18 +0000] "POST /testmail HTTP/1.1" 200 412
::1 - - [12/Jul/2019:18:17:40 +0000] "POST /testmail HTTP/1.1" 200 416
::1 - - [12/Jul/2019:18:19:29 +0000] "POST /testmail HTTP/1.1" 200 417
::1 - - [12/Jul/2019:18:21:29 +0000] "POST /testmail HTTP/1.1" 200 429
::1 - - [12/Jul/2019:18:21:57 +0000] "POST /testmail HTTP/1.1" 200 453
::1 - - [12/Jul/2019:18:22:10 +0000] "POST /testmail HTTP/1.1" 200 447
::1 - - [12/Jul/2019:18:23:41 +0000] "POST /testmail HTTP/1.1" 200 453
::1 - - [12/Jul/2019:18:24:37 +0000] "POST /testmail HTTP/1.1" 200 447
::1 - - [12/Jul/2019:18:25:03 +0000] "POST /testmail HTTP/1.1" 200 459
::1 - - [12/Jul/2019:18:32:47 +0000] "POST /testmail HTTP/1.1" 200 459
::1 - - [12/Jul/2019:18:34:05 +0000] "POST /testmail HTTP/1.1" 200 180
::1 - - [12/Jul/2019:18:34:47 +0000] "GET /route/users/verify?id=undefined&email=sarbojit.project@gmail.com HTTP/1.1" 404 157
::1 - - [12/Jul/2019:18:36:25 +0000] "GET /route/users/verify?id=undefined&email=sarbojit.project@gmail.com HTTP/1.1" 404 157
::1 - - [12/Jul/2019:18:37:31 +0000] "GET /route/users/login HTTP/1.1" 404 156
::1 - - [12/Jul/2019:18:37:46 +0000] "GET /route/users/register HTTP/1.1" 404 159
::1 - - [12/Jul/2019:18:38:04 +0000] "POST /route/users/register HTTP/1.1" 404 160
::1 - - [12/Jul/2019:18:38:28 +0000] "POST /routes/users/register HTTP/1.1" 400 47
::1 - - [12/Jul/2019:18:38:50 +0000] "POST /testmail HTTP/1.1" 200 180
::1 - - [12/Jul/2019:18:39:29 +0000] "POST /routes/users/login HTTP/1.1" 200 25
::1 - - [12/Jul/2019:18:41:32 +0000] "GET / HTTP/1.1" 200 14
::1 - - [12/Jul/2019:18:42:48 +0000] "GET /routes/users/verify HTTP/1.1" 500 1808
::1 - - [12/Jul/2019:18:45:03 +0000] "POST /routes/users/verify HTTP/1.1" 200 25
::1 - - [12/Jul/2019:18:45:16 +0000] "POST /routes/users/verify HTTP/1.1" 200 21
::1 - - [12/Jul/2019:18:45:51 +0000] "GET /routes/users/verify?a=b HTTP/1.1" 200 16
::1 - - [12/Jul/2019:18:46:23 +0000] "POST /testmail HTTP/1.1" 200 180
::1 - - [12/Jul/2019:18:48:35 +0000] "POST /testmail HTTP/1.1" 200 181
::1 - - [12/Jul/2019:18:48:58 +0000] "GET /routes/users/verify?id=undefined&email=sarbojit.project@gmail.com HTTP/1.1" 200 62
::1 - - [12/Jul/2019:18:50:21 +0000] "POST /testmail HTTP/1.1" 200 460
::1 - - [12/Jul/2019:18:50:37 +0000] "GET /routes/users/verify?id=undefined&email=sarbojit.project@gmail.com HTTP/1.1" 304 -
::1 - - [12/Jul/2019:18:58:06 +0000] "POST /testmail HTTP/1.1" 200 559
::1 - - [12/Jul/2019:18:58:40 +0000] "POST /testmail HTTP/1.1" 200 563
::1 - - [12/Jul/2019:19:00:04 +0000] "POST /testmail HTTP/1.1" 200 563
::1 - - [12/Jul/2019:19:01:38 +0000] "POST /testmail HTTP/1.1" 200 565
::1 - - [12/Jul/2019:19:02:40 +0000] "POST /testmail HTTP/1.1" 200 564
::1 - - [12/Jul/2019:19:03:12 +0000] "POST /testmail HTTP/1.1" 200 566
::1 - - [12/Jul/2019:20:16:32 +0000] "POST /testmail HTTP/1.1" 500 1799
::1 - - [12/Jul/2019:20:17:22 +0000] "POST /testmail HTTP/1.1" 200 25
::1 - - [12/Jul/2019:20:25:25 +0000] "POST /testmail HTTP/1.1" 200 25
::1 - - [12/Jul/2019:20:31:51 +0000] "POST /testmail HTTP/1.1" 200 25
::1 - - [12/Jul/2019:20:39:57 +0000] "POST /testmail HTTP/1.1" 200 25
::1 - - [12/Jul/2019:20:42:35 +0000] "POST /testmail HTTP/1.1" 200 25
::1 - - [12/Jul/2019:20:43:25 +0000] "GET /routes/users/verify?id=1234&email=sarbojit.project@gmail.com HTTP/1.1" 200 57
::1 - - [12/Jul/2019:20:44:54 +0000] "POST /testmail HTTP/1.1" 200 25
::1 - - [12/Jul/2019:20:46:54 +0000] "POST /testmail HTTP/1.1" 200 25
::1 - - [12/Jul/2019:21:08:38 +0000] "POST /testmail HTTP/1.1" 200 25
::1 - - [12/Jul/2019:21:11:52 +0000] "POST /testmail HTTP/1.1" 200 25
::1 - - [12/Jul/2019:21:46:24 +0000] "POST /routes/users/register HTTP/1.1" 200 116
::1 - - [12/Jul/2019:21:47:58 +0000] "POST /routes/users/register HTTP/1.1" 400 28
::1 - - [12/Jul/2019:21:48:14 +0000] "POST /routes/users/register HTTP/1.1" 200 116
::1 - - [12/Jul/2019:22:03:51 +0000] "POST /routes/users/register HTTP/1.1" 200 116
::1 - - [12/Jul/2019:22:09:23 +0000] "POST /routes/users/register HTTP/1.1" 200 116
::1 - - [12/Jul/2019:22:13:44 +0000] "POST /routes/users/register HTTP/1.1" 200 116
::1 - - [12/Jul/2019:22:18:45 +0000] "POST /routes/users/register HTTP/1.1" 200 116
::1 - - [12/Jul/2019:22:21:38 +0000] "POST /routes/users/register HTTP/1.1" 200 116
::1 - - [12/Jul/2019:22:23:49 +0000] "POST /routes/users/register HTTP/1.1" 200 116
::1 - - [12/Jul/2019:22:25:58 +0000] "GET /routes/users/verify?id=3286310&email=jit@baanda.com HTTP/1.1" 200 48
::1 - - [12/Jul/2019:22:26:53 +0000] "POST /routes/users/register HTTP/1.1" 200 116
::1 - - [12/Jul/2019:22:28:15 +0000] "GET /routes/users/verify?a=b HTTP/1.1" 200 16
::1 - - [12/Jul/2019:22:30:51 +0000] "POST /routes/users/register HTTP/1.1" 200 116
::1 - - [12/Jul/2019:22:31:10 +0000] "GET /routes/users/verify?id=1110562&email=sarbojit.project@gmail.com HTTP/1.1" 200 60
::1 - - [12/Jul/2019:22:34:40 +0000] "POST /routes/users/register HTTP/1.1" 200 116
